<?xml version="1.0" encoding="UTF-8"?>
<testsuite xmlns:xsi="http://www.w3.org/2001/XMLSchema-instance" xsi:noNamespaceSchemaLocation="https://maven.apache.org/surefire/maven-surefire-plugin/xsd/surefire-test-report.xsd" name="MyTest" time="0.415" tests="1" errors="1" skipped="0" failures="0">
  <properties>
[...]
</properties>
  <testcase name="test1" classname="MyTest" time="0.369">
    <error message="Error creating bean with name &apos;name&apos; defined in class path resource [beans.xml]: Initialization of bean failed; nested exception is org.springframework.beans.ConversionNotSupportedException: Failed to convert property value of type &apos;java.lang.String&apos; to required type &apos;com.zhoujc.automatic_assembly.Cat&apos; for property &apos;cat&apos;; nested exception is java.lang.IllegalStateException: Cannot convert value of type &apos;java.lang.String&apos; to required type &apos;com.zhoujc.automatic_assembly.Cat&apos; for property &apos;cat&apos;: no matching editors or conversion strategy found" type="org.springframework.beans.factory.BeanCreationException">org.springframework.beans.factory.BeanCreationException: Error creating bean with name 'name' defined in class path resource [beans.xml]: Initialization of bean failed; nested exception is org.springframework.beans.ConversionNotSupportedException: Failed to convert property value of type 'java.lang.String' to required type 'com.zhoujc.automatic_assembly.Cat' for property 'cat'; nested exception is java.lang.IllegalStateException: Cannot convert value of type 'java.lang.String' to required type 'com.zhoujc.automatic_assembly.Cat' for property 'cat': no matching editors or conversion strategy found
	at MyTest.test1(MyTest.java:10)
Caused by: org.springframework.beans.ConversionNotSupportedException: Failed to convert property value of type 'java.lang.String' to required type 'com.zhoujc.automatic_assembly.Cat' for property 'cat'; nested exception is java.lang.IllegalStateException: Cannot convert value of type 'java.lang.String' to required type 'com.zhoujc.automatic_assembly.Cat' for property 'cat': no matching editors or conversion strategy found
	at MyTest.test1(MyTest.java:10)
Caused by: java.lang.IllegalStateException: Cannot convert value of type 'java.lang.String' to required type 'com.zhoujc.automatic_assembly.Cat' for property 'cat': no matching editors or conversion strategy found
	at MyTest.test1(MyTest.java:10)
</error>
    <system-out><![CDATA[22:08:13.670 [main] DEBUG org.springframework.context.support.ClassPathXmlApplicationContext - Refreshing org.springframework.context.support.ClassPathXmlApplicationContext@442675e1
22:08:13.693 [main] INFO org.springframework.core.KotlinDetector - Kotlin reflection implementation not found at runtime, related features won't be available.
22:08:13.857 [main] DEBUG org.springframework.beans.factory.xml.XmlBeanDefinitionReader - Loaded 3 bean definitions from class path resource [beans.xml]
22:08:13.883 [main] DEBUG org.springframework.beans.factory.support.DefaultListableBeanFactory - Creating shared instance of singleton bean 'cat'
22:08:13.892 [main] DEBUG org.springframework.beans.factory.support.DefaultListableBeanFactory - Creating shared instance of singleton bean 'dog'
22:08:13.892 [main] DEBUG org.springframework.beans.factory.support.DefaultListableBeanFactory - Creating shared instance of singleton bean 'name'
22:08:13.936 [main] WARN org.springframework.context.support.ClassPathXmlApplicationContext - Exception encountered during context initialization - cancelling refresh attempt: org.springframework.beans.factory.BeanCreationException: Error creating bean with name 'name' defined in class path resource [beans.xml]: Initialization of bean failed; nested exception is org.springframework.beans.ConversionNotSupportedException: Failed to convert property value of type 'java.lang.String' to required type 'com.zhoujc.automatic_assembly.Cat' for property 'cat'; nested exception is java.lang.IllegalStateException: Cannot convert value of type 'java.lang.String' to required type 'com.zhoujc.automatic_assembly.Cat' for property 'cat': no matching editors or conversion strategy found
]]></system-out>
  </testcase>
</testsuite>